<?xml version="1.0" encoding="UTF-8"?>
<!-- Generated by org.testng.reporters.JUnitReportReporter -->
<testsuite skipped="0" hostname="Akshan-PC" name="org.amazon.testcases.BuyProduct" tests="2" failures="0" timestamp="2019-12-14T17:35:26 IST" time="104.618" errors="0">
  <testcase name="verifyProduct" time="56.525" classname="org.amazon.testcases.BuyProduct"/>
  <testcase name="verifyProduct" time="48.093" classname="org.amazon.testcases.BuyProduct"/>
</testsuite> <!-- org.amazon.testcases.BuyProduct -->
